2017-04-21 22:52:26,192 - os.name - Windows 7
2017-04-21 22:52:26,194 - os.arch - amd64
2017-04-21 22:52:26,194 - os.version - 6.1
2017-04-21 22:52:26,194 - java.version - 1.8.0_121
2017-04-21 22:52:26,194 - java.vendor - Oracle Corporation
2017-04-21 22:52:26,194 - java.vendor.url - http://java.oracle.com/
2017-04-21 22:52:26,194 - java.home - C:\Program Files\Java\jre1.8.0_121
2017-04-21 22:52:26,194 - java.vm.specification.name - Java Virtual Machine Specification
2017-04-21 22:52:26,194 - java.vm.specification.vendor - Oracle Corporation
2017-04-21 22:52:26,194 - java.vm.specification.version - 1.8
2017-04-21 22:52:26,195 - java.class.path - C:\Users\IBM_ADMIN\Downloads\Software\eclipse-jee-mars-2-win32-x86_64\eclipse\\plugins/org.eclipse.equinox.launcher_1.3.100.v20150511-1540.jar
2017-04-21 22:52:26,195 - java.library.path - C:\Users\IBM_ADMIN\Downloads\Software\eclipse-jee-mars-2-win32-x86_64\eclipse;C:\windows\Sun\Java\bin;C:\windows\system32;C:\windows;C:/Program Files/Java/jre1.8.0_121/bin/server;C:/Program Files/Java/jre1.8.0_121/bin;C:/Program Files/Java/jre1.8.0_121/lib/amd64;C:\ProgramData\Oracle\Java\javapath;C:\windows\system32;C:\windows;C:\windows\System32\Wbem;C:\windows\System32\WindowsPowerShell\v1.0\;C:\Program Files\IBM\Infoprint Select;C:\Program Files (x86)\IBM\Personal Communications\;C:\Program Files (x86)\IBM\Trace Facility\;C:\Program Files\Git\cmd;C:\Program Files\dotnet\;C:\Program Files\Microsoft SQL Server\130\Tools\Binn\;C:\Users\IBM_ADMIN\AppData\Local\Android\sdk/build-tools;C:\Users\IBM_ADMIN\AppData\Local\Android\sdk/tools;c:\notes;C:\Program Files\Microsoft SQL Server\110\Tools\Binn\;C:\Program Files\Microsoft SQL Server\120\Tools\Binn\;C:\Program Files (x86)\Windows Kits\8.1\Windows Performance Toolkit\;C:\Program Files (x86)\Microsoft SDKs\TypeScript\1.0\;C:\Program Files\Java\jdk1.8.0_112\bin;C:\Program Files\nodejs\;C:\Users\IBM_ADMIN\AppData\Local\Programs\Python\Python35-32\Scripts\;C:\Users\IBM_ADMIN\AppData\Local\Programs\Python\Python35-32\;C:\Users\IBM_ADMIN\AppData\Roaming\npm;C:\Users\IBM_ADMIN\Downloads\Software\eclipse-jee-mars-2-win32-x86_64\eclipse;;.
2017-04-21 22:52:26,196 - --------------------------------------
2017-04-21 22:52:26,196 - ## Eclipse Plug-ins Log Information ##
2017-04-21 22:52:26,205 - --------------------------------------
2017-04-21 22:52:26,284 - javax.el - 2.2.0.v201303151357
2017-04-21 22:52:26,286 - javax.servlet - 3.1.0.v201410161800
2017-04-21 22:52:26,287 - javax.servlet.jsp - 2.2.0.v201112011158
2017-04-21 22:52:26,288 - com.sun.el - 2.2.0.v201303151357
2017-04-21 22:52:26,289 - org.apache.commons.logging - 1.1.1.v201101211721
2017-04-21 22:52:26,291 - org.apache.jasper.glassfish - 2.2.2.v201501141630
2017-04-21 22:52:26,293 - org.apache.lucene.analysis - 3.5.0.v20120725-1805
2017-04-21 22:52:26,295 - org.apache.lucene.core - 3.5.0.v20120725-1805
2017-04-21 22:52:26,297 - org.eclipse.equinox.http.jetty - 3.1.2.v20160115-1350
2017-04-21 22:52:26,298 - org.eclipse.equinox.http.registry - 1.1.300.v20130402-1529
2017-04-21 22:52:26,299 - org.eclipse.equinox.http.servlet - 1.2.2.v20160202-2102
2017-04-21 22:52:26,301 - org.eclipse.equinox.jsp.jasper - 1.0.500.v20150119-1358
2017-04-21 22:52:26,302 - org.eclipse.equinox.jsp.jasper.registry - 1.0.300.v20130327-1442
2017-04-21 22:52:26,327 - org.eclipse.help.base - 4.0.301.v20160212-1500
2017-04-21 22:52:26,331 - org.eclipse.help.ui - 4.0.100.v20140401-0608
2017-04-21 22:52:26,333 - org.eclipse.help.webapp - 3.7.0.v20150425-0643
2017-04-21 22:52:26,334 - org.eclipse.jetty.continuation - 9.2.13.v20150730
2017-04-21 22:52:26,335 - org.eclipse.jetty.http - 9.2.13.v20150730
2017-04-21 22:52:26,337 - org.eclipse.jetty.io - 9.2.13.v20150730
2017-04-21 22:52:26,338 - org.eclipse.jetty.security - 9.2.13.v20150730
2017-04-21 22:52:26,348 - org.eclipse.jetty.server - 9.2.13.v20150730
2017-04-21 22:52:26,349 - org.eclipse.jetty.servlet - 9.2.13.v20150730
2017-04-21 22:52:26,351 - org.eclipse.jetty.util - 9.2.13.v20150730
2017-04-21 22:52:26,364 - org.eclipse.core.net - 1.2.300.v20141118-1725
2017-04-21 22:52:26,365 - org.eclipse.equinox.security - 1.2.100.v20150423-1356
2017-04-21 22:52:26,443 - org.eclipse.mylyn.bugzilla.core - 3.18.0.v20151009-2340
2017-04-21 22:52:26,444 - org.eclipse.mylyn.bugzilla.ui - 3.18.0.v20151009-2340
2017-04-21 22:52:26,450 - org.eclipse.andmore.hierarchyviewer - 0.5.0.201605181018
2017-04-21 22:52:26,460 - org.eclipse.sequoyah.device.backward - 2.1.0.N20120718-0509
2017-04-21 22:52:26,461 - org.eclipse.sequoyah.device.framework - 2.1.0.N20120718-0509
2017-04-21 22:52:26,462 - org.eclipse.sequoyah.device.framework.ui - 2.1.0.N20120718-0509
2017-04-21 22:52:26,463 - org.eclipse.sequoyah.device.service.start - 2.1.0.N20120718-0509
2017-04-21 22:52:26,464 - org.eclipse.sequoyah.device.service.stop - 2.1.0.N20120718-0509
2017-04-21 22:52:26,465 - org.eclipse.sequoyah.device.framework.wizard - 2.1.0.N20120718-0509
2017-04-21 22:52:26,514 - org.eclipse.mylyn.tasks.core - 3.18.0.v20151202-0115
2017-04-21 22:52:26,515 - org.eclipse.mylyn.tasks.index.core - 3.18.0.v20151012-1647
2017-04-21 22:52:26,517 - org.eclipse.mylyn.tasks.index.ui - 3.18.0.v20151009-2340
2017-04-21 22:52:26,518 - org.eclipse.mylyn.tasks.search - 3.18.0.v20151009-2340
2017-04-21 22:52:26,520 - org.eclipse.mylyn.tasks.ui - 3.18.0.v20151211-2235
2017-04-21 22:52:26,526 - org.eclipse.jpt.dbws.eclipselink.ui - 1.1.101.v201501152048
2017-04-21 22:52:26,527 - org.eclipse.jpt.dbws.eclipselink.core.gen - 1.1.100.v201308132122
2017-04-21 22:52:26,528 - javax.wsdl - 1.6.2.v201012040545
2017-04-21 22:52:26,529 - org.eclipse.persistence.dbws - 2.6.0.v20140809-296a69f
2017-04-21 22:52:26,530 - org.eclipse.persistence.dbws.builder - 2.6.0.v20140809-296a69f
2017-04-21 22:52:26,532 - org.eclipse.jpt.dbws.eclipselink.branding - 1.2.100.v201309202144
2017-04-21 22:52:26,539 - org.eclipse.egit.core - 4.1.1.201511131810-r
2017-04-21 22:52:26,541 - org.eclipse.egit.ui - 4.1.1.201511131810-r
2017-04-21 22:52:26,542 - org.eclipse.egit - 4.1.1.201511131810-r
2017-04-21 22:52:26,561 - org.eclipse.egit.doc - 4.1.1.201511131810-r
2017-04-21 22:52:26,569 - org.eclipse.aether.maven - 3.1.0.v20140706-2237
2017-04-21 22:52:26,590 - org.eclipse.gef - 3.10.1.201508170204
2017-04-21 22:52:26,623 - org.eclipse.mylyn.commons.identity.core - 1.10.0.v20151009-1724
2017-04-21 22:52:26,640 - javax.persistence - 2.1.0.v201304241213
2017-04-21 22:52:26,641 - org.eclipse.jpt.jpa.annotate - 1.0.100.v201309261652
2017-04-21 22:52:26,643 - org.eclipse.jpt.jpa.core - 3.4.0.v201312052110
2017-04-21 22:52:26,644 - org.eclipse.jpt.jpa.db - 2.2.100.v201311150251
2017-04-21 22:52:26,645 - org.eclipse.jpt.jpa.db.ui - 2.1.100.v201309202144
2017-04-21 22:52:26,646 - org.eclipse.jpt.jpa.gen - 2.3.150.v201512181609
2017-04-21 22:52:26,647 - org.eclipse.jpt.jpa.ui - 3.4.0.v201312022017
2017-04-21 22:52:26,648 - org.eclipse.jpt.doc.user - 3.2.100.v201308231650
2017-04-21 22:52:26,650 - org.eclipse.persistence.jpa.jpql - 2.6.0.v20140809-296a69f
2017-04-21 22:52:26,651 - org.apache.commons.collections - 3.2.2.v201511171945
2017-04-21 22:52:26,718 - org.apache.commons.lang - 2.6.0.v201404270220
2017-04-21 22:52:26,721 - org.apache.velocity - 1.5.0.v200905192330
2017-04-21 22:52:26,725 - org.jdom - 1.1.1.v201101151400
2017-04-21 22:52:26,726 - org.eclipse.jpt.jpa.branding - 3.4.0.v201309202144
2017-04-21 22:52:26,733 - org.eclipse.oomph.p2 - 1.3.0.v20160213-0953
2017-04-21 22:52:26,734 - org.eclipse.oomph.p2.core - 1.3.0.v20160213-0953
2017-04-21 22:52:26,735 - org.eclipse.oomph.p2.edit - 1.3.0.v20160213-0953
2017-04-21 22:52:26,736 - org.eclipse.oomph.p2.ui - 1.3.0.v20160213-0953
2017-04-21 22:52:26,737 - org.eclipse.oomph.p2.doc - 1.3.0.v20160213-0953
2017-04-21 22:52:26,743 - org.eclipse.tm.terminal.view.core - 4.0.0.201505101440
2017-04-21 22:52:26,744 - org.eclipse.tm.terminal.view.ui - 4.0.0.201506031417
2017-04-21 22:52:26,751 - org.eclipse.datatools.enablement.sqlite - 1.0.0.v201002041100
2017-04-21 22:52:26,753 - org.eclipse.datatools.enablement.sqlite.dbdefinition - 1.0.2.v201206010441
2017-04-21 22:52:26,755 - org.eclipse.datatools.enablement.sqlite.ui - 1.0.0.v201107221507
2017-04-21 22:52:26,832 - org.eclipse.datatools.enablement.finfo - 1.5.1.v200906161800
2017-04-21 22:52:26,915 - org.eclipse.emf.codegen.ui - 2.6.0.v20160208-0841
2017-04-21 22:52:26,921 - org.eclipse.mylyn.commons.notifications.core - 1.10.0.v20151009-1724
2017-04-21 22:52:26,922 - org.eclipse.mylyn.commons.notifications.feed - 1.10.0.v20151009-1724
2017-04-21 22:52:26,923 - org.eclipse.mylyn.commons.notifications.ui - 1.10.0.v20151102-1814
2017-04-21 22:52:26,929 - org.eclipse.emf.converter - 2.7.0.v20160208-0841
2017-04-21 22:52:26,930 - org.eclipse.emf.importer - 2.9.0.v20160208-0841
2017-04-21 22:52:26,931 - org.eclipse.emf.exporter - 2.7.0.v20160208-0841
2017-04-21 22:52:26,932 - org.eclipse.emf.importer.ecore - 2.8.0.v20160208-0841
2017-04-21 22:52:26,933 - org.eclipse.emf.importer.java - 2.7.0.v20160208-0841
2017-04-21 22:52:26,934 - org.eclipse.emf.importer.rose - 2.8.0.v20160208-0841
2017-04-21 22:52:26,945 - org.eclipse.recommenders.rcp - 2.3.0.v20160216-1255
2017-04-21 22:52:26,946 - org.eclipse.recommenders.apidocs - 2.3.0.v20160216-1255
2017-04-21 22:52:26,947 - org.eclipse.recommenders.apidocs.rcp - 2.3.0.v20160216-1255
2017-04-21 22:52:26,948 - org.eclipse.recommenders.calls - 2.3.0.v20160216-1255
2017-04-21 22:52:26,949 - org.eclipse.recommenders.calls.rcp - 2.3.0.v20160216-1255
2017-04-21 22:52:26,950 - org.eclipse.recommenders.chain.rcp - 2.3.0.v20160216-1255
2017-04-21 22:52:26,951 - org.eclipse.recommenders.completion.rcp - 2.3.0.v20160216-1255
2017-04-21 22:52:26,952 - org.eclipse.recommenders.constructors - 2.3.0.v20160216-1255
2017-04-21 22:52:26,953 - org.eclipse.recommenders.constructors.rcp - 2.3.0.v20160216-1255
2017-04-21 22:52:26,954 - org.eclipse.recommenders.coordinates - 2.3.0.v20160216-1255
2017-04-21 22:52:26,955 - org.eclipse.recommenders.coordinates.rcp - 2.3.0.v20160216-1255
2017-04-21 22:52:26,956 - org.eclipse.recommenders.injection - 2.3.0.v20160216-1255
2017-04-21 22:52:26,957 - org.eclipse.recommenders.jayes - 2.3.0.v20160216-1255
2017-04-21 22:52:26,959 - org.eclipse.recommenders.jayes.io - 2.3.0.v20160216-1255
2017-04-21 22:52:26,960 - org.eclipse.recommenders.jdt - 2.3.0.v20160216-1255
2017-04-21 22:52:26,966 - org.eclipse.recommenders.models - 2.3.0.v20160216-1255
2017-04-21 22:52:27,012 - org.eclipse.recommenders.models.rcp - 2.3.0.v20160216-1255
2017-04-21 22:52:27,013 - org.eclipse.recommenders.net - 2.3.0.v20160216-1255
2017-04-21 22:52:27,014 - org.eclipse.recommenders.overrides - 2.3.0.v20160216-1255
2017-04-21 22:52:27,015 - org.eclipse.recommenders.overrides.rcp - 2.3.0.v20160216-1255
2017-04-21 22:52:27,016 - org.eclipse.recommenders.subwords.rcp - 2.3.0.v20160216-1255
2017-04-21 22:52:27,017 - org.eclipse.recommenders.types.rcp - 2.3.0.v20160216-1255
2017-04-21 22:52:27,019 - org.eclipse.recommenders.utils - 2.3.0.v20160216-1255
2017-04-21 22:52:27,020 - org.eclipse.recommenders.utils.rcp - 2.3.0.v20160216-1255
2017-04-21 22:52:27,027 - org.eclipse.datatools.enablement.oda.ws.ui - 1.2.6.v201403131825
2017-04-21 22:52:27,307 - org.eclipse.datatools.enablement.oda.xml.ui - 1.2.7.v201403131825
2017-04-21 22:52:27,309 - org.eclipse.datatools.connectivity.oda.flatfile.ui - 3.1.9.v201403131825
2017-04-21 22:52:27,346 - org.eclipse.datatools.enablement.postgresql.dbdefinition - 1.0.2.v201110070445
2017-04-21 22:52:27,347 - org.eclipse.datatools.enablement.postgresql - 1.1.1.v201205252207
2017-04-21 22:52:27,349 - org.eclipse.datatools.enablement.postgresql.ui - 1.0.0.v201107221506
2017-04-21 22:52:27,349 - org.eclipse.datatools.enablement.finfo - 1.5.1.v200906161800
2017-04-21 22:52:27,369 - org.eclipse.datatools.connectivity.oda.design.ui - 3.2.9.v201403131814
2017-04-21 22:52:27,370 - org.eclipse.datatools.connectivity.ui.dse - 1.1.5.v201212070447
2017-04-21 22:52:27,371 - org.eclipse.datatools.connectivity.ui - 1.2.4.v201212070447
2017-04-21 22:52:27,372 - org.eclipse.datatools.connectivity.sqm.core - 1.2.8.v201401230755
2017-04-21 22:52:27,373 - org.eclipse.datatools.help - 1.5.0.v200906020553
2017-04-21 22:52:27,379 - org.eclipse.m2e.wtp.jsf - 1.2.1.20150819-2220
2017-04-21 22:52:27,386 - org.eclipse.datatools.connectivity.db.generic - 1.0.1.v201107221459
2017-04-21 22:52:27,387 - org.eclipse.datatools.connectivity.db.generic.ui - 1.0.2.v201211200622
2017-04-21 22:52:27,387 - org.eclipse.datatools.connectivity.dbdefinition.genericJDBC - 1.0.2.v201310181001
2017-04-21 22:52:27,399 - org.eclipse.emf.mapping - 2.9.0.v20160208-0841
2017-04-21 22:52:27,407 - org.eclipse.wst.common.project.facet.core - 1.4.300.v201111030423
2017-04-21 22:52:27,408 - org.eclipse.wst.common.project.facet.ui - 1.4.600.v201505072140
2017-04-21 22:52:27,413 - org.eclipse.emf.ecore - 2.11.2.v20160208-0816
2017-04-21 22:52:27,414 - org.eclipse.emf.ecore.change - 2.11.0.v20160208-0816
2017-04-21 22:52:27,415 - org.eclipse.emf.ecore.xmi - 2.11.1.v20160208-0816
2017-04-21 22:52:27,426 - org.eclipse.datatools.intro - 1.7.0.v201005281800
2017-04-21 22:52:27,449 - org.eclipse.jst.common.project.facet.core - 1.4.400.v201403261418
2017-04-21 22:52:27,450 - org.eclipse.jst.common.project.facet.ui - 1.4.510.v201501141810
2017-04-21 22:52:27,457 - org.eclipse.jgit - 4.1.1.201511131810-r
2017-04-21 22:52:27,458 - org.eclipse.jgit.archive - 4.1.1.201511131810-r
2017-04-21 22:52:27,459 - com.jcraft.jsch - 0.1.53.v201508180515
2017-04-21 22:52:27,460 - javaewah - 0.7.9.v201401101600
2017-04-21 22:52:27,462 - org.apache.commons.compress - 1.6.0.v201310281400
2017-04-21 22:52:27,464 - org.slf4j.api - 1.7.2.v20121108-1250
2017-04-21 22:52:27,465 - org.slf4j.impl.log4j12 - 1.7.2.v20131105-2200
2017-04-21 22:52:27,467 - org.apache.log4j - 1.2.15.v201012070815
2017-04-21 22:52:27,473 - org.eclipse.mylyn.wikitext.core - 2.7.0.v20151015-1452
2017-04-21 22:52:27,475 - org.eclipse.mylyn.wikitext.core.ant - 2.7.0.v20151009-1723
2017-04-21 22:52:27,476 - org.eclipse.mylyn.wikitext.core.osgi - 2.7.0.v20151009-1723
2017-04-21 22:52:27,477 - org.eclipse.mylyn.wikitext.textile.core - 2.7.0.v20151009-1723
2017-04-21 22:52:27,478 - org.eclipse.mylyn.wikitext.html.core - 2.7.0.v20151015-1452
2017-04-21 22:52:27,479 - org.eclipse.mylyn.wikitext.markdown.core - 2.7.0.v20151009-1723
2017-04-21 22:52:27,480 - org.eclipse.mylyn.wikitext.mediawiki.core - 2.7.0.v20151009-1723
2017-04-21 22:52:27,481 - org.eclipse.mylyn.wikitext.confluence.core - 2.7.0.v20151009-1723
2017-04-21 22:52:27,483 - org.eclipse.mylyn.wikitext.tracwiki.core - 2.7.0.v20151009-1723
2017-04-21 22:52:27,484 - org.eclipse.mylyn.wikitext.twiki.core - 2.7.0.v20151009-1723
2017-04-21 22:52:27,485 - org.eclipse.mylyn.wikitext.ui - 2.7.0.v20151009-1723
2017-04-21 22:52:27,487 - org.eclipse.mylyn.wikitext.help.ui - 2.7.0.v20151009-1723
2017-04-21 22:52:27,488 - org.eclipse.mylyn.wikitext.textile.ui - 2.7.0.v20151009-1723
2017-04-21 22:52:27,489 - org.eclipse.mylyn.wikitext.markdown.ui - 2.7.0.v20151009-1723
2017-04-21 22:52:27,490 - org.eclipse.mylyn.wikitext.mediawiki.ui - 2.7.0.v20151009-1723
2017-04-21 22:52:27,491 - org.eclipse.mylyn.wikitext.confluence.ui - 2.7.0.v20151009-1723
2017-04-21 22:52:27,525 - org.eclipse.mylyn.wikitext.tracwiki.ui - 2.7.0.v20151009-1723
2017-04-21 22:52:27,526 - org.eclipse.mylyn.wikitext.twiki.ui - 2.7.0.v20151009-1723
2017-04-21 22:52:27,527 - org.eclipse.mylyn.wikitext.tasks.ui - 2.7.0.v20151009-1723
2017-04-21 22:52:27,527 - org.eclipse.mylyn.wikitext.context.ui - 2.7.0.v20151009-1723
2017-04-21 22:52:27,537 - org.eclipse.jpt.jaxb.core - 1.4.1.v201501152041
2017-04-21 22:52:27,538 - org.eclipse.jpt.jaxb.core.schemagen - 1.1.100.v201309202144
2017-04-21 22:52:27,539 - org.eclipse.jpt.jaxb.ui - 1.5.0.v201308091549
2017-04-21 22:52:27,540 - org.eclipse.jpt.jaxb.branding - 1.4.0.v201309202144
2017-04-21 22:52:27,549 - org.eclipse.emf.mapping.ecore.editor - 2.6.0.v20160208-0841
2017-04-21 22:52:27,551 - org.eclipse.emf.mapping.ecore2ecore.editor - 2.7.0.v20160208-0841
2017-04-21 22:52:27,552 - org.eclipse.emf.mapping.ecore2xml.ui - 2.8.0.v20160208-0841
2017-04-21 22:52:27,559 - org.eclipse.datatools.enablement.finfo - 1.5.1.v200906161800
2017-04-21 22:52:27,560 - org.eclipse.datatools.sqltools.db.derby.ui - 1.0.0.v200906020900
2017-04-21 22:52:27,561 - org.eclipse.datatools.sqltools.db.generic.ui - 1.0.0.v200906020900
2017-04-21 22:52:27,568 - org.eclipse.datatools.enablement.jdt.classpath - 1.0.1.v201107221501
2017-04-21 22:52:27,580 - org.eclipse.mylyn.discovery.core - 3.18.0.v20151009-1724
2017-04-21 22:52:27,581 - org.eclipse.mylyn.discovery.ui - 3.18.0.v20151009-1724
2017-04-21 22:52:27,595 - org.eclipse.datatools.enablement.mysql.dbdefinition - 1.0.4.v201109022331
2017-04-21 22:52:27,596 - org.eclipse.datatools.enablement.mysql - 1.0.4.v201212120617
2017-04-21 22:52:27,597 - org.eclipse.datatools.enablement.mysql.ui - 1.0.0.v201109022331
2017-04-21 22:52:27,597 - org.eclipse.datatools.enablement.finfo - 1.5.1.v200906161800
2017-04-21 22:52:27,605 - org.eclipse.datatools.enablement.msft.sqlserver.dbdefinition - 1.0.1.v201201240505
2017-04-21 22:52:27,606 - org.eclipse.datatools.enablement.msft.sqlserver - 1.0.3.v201308161009
2017-04-21 22:52:27,607 - org.eclipse.datatools.enablement.msft.sqlserver.ui - 1.0.4.v201308031011
2017-04-21 22:52:27,607 - org.eclipse.datatools.enablement.finfo - 1.5.1.v200906161800
2017-04-21 22:52:27,613 - org.eclipse.sequoyah.localization.android - 2.1.0.N20120718-0509
2017-04-21 22:52:27,615 - org.eclipse.sequoyah.localization.android.help - 2.1.1.N20120718-0509
2017-04-21 22:52:27,622 - org.eclipse.m2e.wtp.jpa - 1.2.1.20150819-2224
2017-04-21 22:52:27,628 - org.eclipse.jst.ws.jaxws.core - 1.0.403.v201602092125
2017-04-21 22:52:27,630 - org.eclipse.jst.ws.jaxws.ui - 1.0.401.v201504291921
2017-04-21 22:52:27,631 - javax.xml.ws - 2.1.0.v200902101523
2017-04-21 22:52:27,638 - javax.jws - 2.0.0.v201005080400
2017-04-21 22:52:27,640 - org.eclipse.jst.ws.annotations.core - 1.2.200.v201311102023
2017-04-21 22:52:27,641 - javax.xml.stream - 1.0.1.v201004272200
2017-04-21 22:52:27,643 - org.eclipse.jst.ws.jaxb.core - 1.0.200.v201309232152
2017-04-21 22:52:27,643 - javax.wsdl - 1.6.2.v201012040545
2017-04-21 22:52:27,643 - org.jdom - 1.1.1.v201101151400
2017-04-21 22:52:27,651 - org.eclipse.datatools.connectivity.doc.user.contexts - 1.7.0.20090521092446
2017-04-21 22:52:27,651 - org.eclipse.datatools.connectivity.doc.user - 1.7.0.20090521092446
2017-04-21 22:52:27,688 - org.moreunit.core - 3.1.1
2017-04-21 22:52:27,688 - org.moreunit - 3.1.1
2017-04-21 22:52:27,695 - org.eclipse.mylyn.tasks.bugs - 3.18.0.v20151009-2340
2017-04-21 22:52:27,696 - org.eclipse.mylyn.help.ui - 3.18.0.v20151009-2340
2017-04-21 22:52:27,701 - org.eclipse.emf.edit - 2.11.1.v20160208-0841
2017-04-21 22:52:27,707 - org.eclipse.mylyn.commons.core - 3.18.0.v20151019-2227
2017-04-21 22:52:27,708 - org.eclipse.mylyn.commons.screenshots - 3.18.0.v20151009-1724
2017-04-21 22:52:27,709 - org.eclipse.mylyn.commons.ui - 3.18.0.v20151116-1930
2017-04-21 22:52:27,710 - org.eclipse.mylyn.commons.workbench - 3.18.0.v20151102-1813
2017-04-21 22:52:27,717 - org.eclipse.mylyn.bugzilla.ide - 3.18.0.v20151013-1847
2017-04-21 22:52:27,718 - org.eclipse.mylyn.ide.ui - 3.18.0.v20151013-1847
2017-04-21 22:52:27,724 - org.eclipse.emf.databinding.edit - 1.3.0.v20160208-0841
2017-04-21 22:52:27,729 - org.eclipse.emf.codegen.ecore - 2.11.1.v20160208-0841
2017-04-21 22:52:27,730 - org.eclipse.emf.ant - 2.8.0.v20160208-0841
2017-04-21 22:52:27,757 - org.eclipse.m2e.archetype.common - 1.7.0.20160603-1931
2017-04-21 22:52:27,768 - org.eclipse.m2e.maven.indexer - 1.7.0.20160603-1931
2017-04-21 22:52:27,769 - org.eclipse.m2e.model.edit - 1.7.0.20160603-1933
2017-04-21 22:52:27,769 - org.eclipse.m2e.core - 1.7.0.20160603-1933
2017-04-21 22:52:27,770 - org.eclipse.m2e.launching - 1.7.0.20160603-1933
2017-04-21 22:52:27,771 - org.eclipse.m2e.workspace.cli - 0.3.1
2017-04-21 22:52:27,773 - org.eclipse.m2e.jdt - 1.7.0.20160603-1933
2017-04-21 22:52:27,774 - org.eclipse.m2e.editor - 1.7.0.20160603-1933
2017-04-21 22:52:27,775 - org.eclipse.m2e.editor.xml - 1.7.0.20160603-1933
2017-04-21 22:52:27,906 - org.eclipse.m2e.maven.runtime - 1.7.0.20160603-1931
2017-04-21 22:52:27,914 - org.eclipse.m2e.maven.runtime.slf4j.simple - 1.7.0.20160603-1931
2017-04-21 22:52:27,919 - org.eclipse.m2e.refactoring - 1.7.0.20160603-1933
2017-04-21 22:52:27,920 - org.eclipse.m2e.lifecyclemapping.defaults - 1.7.0.20160603-1933
2017-04-21 22:52:27,921 - org.eclipse.m2e.discovery - 1.7.0.20160603-1933
2017-04-21 22:52:27,922 - org.eclipse.m2e.core.ui - 1.7.0.20160603-1933
2017-04-21 22:52:27,923 - org.eclipse.m2e.scm - 1.7.0.20160603-1933
2017-04-21 22:52:27,923 - org.eclipse.m2e.jdt.ui - 1.7.0.20160603-1933
2017-04-21 22:52:27,925 - org.eclipse.m2e.profiles.core - 1.7.0.20160603-1933
2017-04-21 22:52:27,926 - org.eclipse.m2e.profiles.ui - 1.7.0.20160603-1933
2017-04-21 22:52:27,927 - org.eclipse.m2e.importer - 1.7.0.20160603-1933
2017-04-21 22:52:27,959 - org.eclipse.andmore.ndk - 0.5.0.201605181018
2017-04-21 22:52:27,966 - org.eclipse.datatools.connectivity.oda.consumer - 3.2.6.v201403131814
2017-04-21 22:52:27,967 - org.eclipse.datatools.connectivity.oda.design - 3.3.6.v201403131814
2017-04-21 22:52:27,968 - org.eclipse.datatools.connectivity.oda.profile - 3.2.9.v201403131814
2017-04-21 22:52:27,968 - org.eclipse.datatools.connectivity.oda - 3.4.3.v201405301249
2017-04-21 22:52:27,968 - org.eclipse.datatools.connectivity - 1.2.11.v201401230755
2017-04-21 22:52:27,975 - org.eclipse.andmore.android.certmanager - 0.5.0.201605181018
2017-04-21 22:52:27,984 - org.eclipse.sequoyah.localization.tools - 2.1.0.N20120718-0509
2017-04-21 22:52:27,985 - org.eclipse.sequoyah.localization.editor - 2.1.0.N20120718-0509
2017-04-21 22:52:27,992 - org.eclipse.mylyn.team.ui - 3.18.0.v20151120-2228
2017-04-21 22:52:27,997 - org.eclipse.emf.common.ui - 2.10.1.v20160208-0841
2017-04-21 22:52:28,003 - org.eclipse.sequoyah.device.common.utilities - 2.1.0.N20120718-0509
2017-04-21 22:52:28,008 - org.eclipse.emf.mapping.ui - 2.7.0.v20160208-0841
2017-04-21 22:52:28,052 - org.apache.commons.net - 3.2.0.v201305141515
2017-04-21 22:52:28,053 - org.eclipse.rse.connectorservice.telnet - 1.2.300.201505220524
2017-04-21 22:52:28,053 - org.eclipse.rse.services.telnet - 2.0.400.201403100950
2017-04-21 22:52:28,054 - org.eclipse.rse.subsystems.shells.telnet - 1.2.300.201403100950
2017-04-21 22:52:28,060 - org.eclipse.datatools.connectivity.oda.template.ui - 3.2.5.v201403131814
2017-04-21 22:52:28,066 - org.eclipse.datatools.enablement.ibm - 1.0.0.v201401170830
2017-04-21 22:52:28,067 - org.eclipse.datatools.enablement.ibm.db2 - 1.0.0.v201401170830
2017-04-21 22:52:28,068 - org.eclipse.datatools.enablement.ibm.db2.iseries.dbdefinition - 1.0.3.v201107221502
2017-04-21 22:52:28,069 - org.eclipse.datatools.enablement.ibm.db2.iseries - 1.0.2.v201107221502
2017-04-21 22:52:28,070 - org.eclipse.datatools.enablement.ibm.db2.iseries.ui - 1.0.3.v201212120614
2017-04-21 22:52:28,077 - org.eclipse.datatools.enablement.ibm.db2.luw.dbdefinition - 1.0.7.v201405302027
2017-04-21 22:52:28,078 - org.eclipse.datatools.enablement.ibm.db2.luw - 1.0.3.v201401170830
2017-04-21 22:52:28,079 - org.eclipse.datatools.enablement.ibm.db2.luw.ui - 1.0.6.v201402010752
2017-04-21 22:52:28,080 - org.eclipse.datatools.enablement.ibm.db2.zseries.dbdefinition - 1.0.4.v201107221502
2017-04-21 22:52:28,082 - org.eclipse.datatools.enablement.ibm.db2.zseries - 1.0.2.v201107221502
2017-04-21 22:52:28,083 - org.eclipse.datatools.enablement.ibm.db2.zseries.ui - 1.0.2.v201202100836
2017-04-21 22:52:28,084 - org.eclipse.datatools.enablement.ibm.informix.dbdefinition - 1.0.4.v201107221502
2017-04-21 22:52:28,086 - org.eclipse.datatools.enablement.ibm.informix - 1.0.1.v201107221502
2017-04-21 22:52:28,087 - org.eclipse.datatools.enablement.ibm.informix.ui - 1.0.3.v201202100836
2017-04-21 22:52:28,088 - org.eclipse.datatools.enablement.ibm.ui - 1.0.0.v201107221502
2017-04-21 22:52:28,093 - org.eclipse.rse.core - 3.3.100.201407181907
2017-04-21 22:52:28,095 - org.eclipse.rse.doc.user - 3.4.100.201403101646
2017-04-21 22:52:28,096 - org.eclipse.rse.efs - 2.1.401.201503171741
2017-04-21 22:52:28,097 - org.eclipse.rse.efs.ui - 2.1.400.201403100950
2017-04-21 22:52:28,098 - org.eclipse.rse.importexport - 1.2.300.201403100950
2017-04-21 22:52:28,099 - org.eclipse.rse.files.ui - 3.2.200.201502052140
2017-04-21 22:52:28,100 - org.eclipse.rse.processes.ui - 3.0.400.201403100950
2017-04-21 22:52:28,101 - org.eclipse.rse.services - 3.3.0.201403100950
2017-04-21 22:52:28,102 - org.eclipse.rse.shells.ui - 3.0.500.201403271554
2017-04-21 22:52:28,103 - org.eclipse.rse.subsystems.files.core - 3.3.1.201403100950
2017-04-21 22:52:28,104 - org.eclipse.rse.subsystems.processes.core - 3.1.300.201403100950
2017-04-21 22:52:28,105 - org.eclipse.rse.subsystems.processes.shell.linux - 1.1.400.201403100950
2017-04-21 22:52:28,107 - org.eclipse.rse.subsystems.shells.core - 3.1.300.201403271554
2017-04-21 22:52:28,108 - org.eclipse.rse.ui - 3.3.100.201503112018
2017-04-21 22:52:28,115 - org.eclipse.jpt.common.eclipselink.core - 1.3.100.v201308091549
2017-04-21 22:52:28,115 - org.eclipse.jpt.common.eclipselink.branding - 1.3.100.v201309202144
2017-04-21 22:52:28,121 - org.eclipse.datatools.connectivity.sqm.core.ui - 1.2.3.v201212070447
2017-04-21 22:52:28,122 - org.eclipse.datatools.connectivity.sqm.core - 1.2.8.v201401230755
2017-04-21 22:52:28,123 - org.eclipse.datatools.connectivity.sqm.server.ui - 1.1.101.v201212070447
2017-04-21 22:52:28,123 - org.eclipse.datatools.connectivity.ui.dse - 1.1.5.v201212070447
2017-04-21 22:52:28,123 - org.eclipse.datatools.connectivity.ui - 1.2.4.v201212070447
2017-04-21 22:52:28,123 - org.eclipse.datatools.connectivity - 1.2.11.v201401230755
2017-04-21 22:52:28,123 - org.eclipse.datatools.help - 1.5.0.v200906020553
2017-04-21 22:52:28,124 - org.eclipse.datatools.connectivity.console.profile - 1.0.10.v201109250955
2017-04-21 22:52:28,130 - org.eclipse.wst.jsdt.core - 1.3.401.v201511181529
2017-04-21 22:52:28,131 - org.eclipse.wst.jsdt.manipulation - 1.0.600.v201505071819
2017-04-21 22:52:28,132 - org.eclipse.wst.jsdt.ui - 1.1.601.v201512010225
2017-04-21 22:52:28,133 - org.eclipse.wst.jsdt.support.firefox - 1.0.500.v201402051800
2017-04-21 22:52:28,134 - org.eclipse.wst.jsdt.support.ie - 1.0.600.v201505071819
2017-04-21 22:52:28,135 - org.eclipse.wst.jsdt.doc - 1.4.101.v201507140011
2017-04-21 22:52:28,138 - org.eclipse.wst.jsdt.debug.core - 3.1.200.v201502261613
2017-04-21 22:52:28,139 - org.eclipse.wst.jsdt.debug.transport - 1.0.300.v201502261613
2017-04-21 22:52:28,140 - org.eclipse.wst.jsdt.debug.crossfire - 1.0.500.v201505071819
2017-04-21 22:52:28,141 - org.eclipse.wst.jsdt.debug.rhino - 1.0.400.v201503300052
2017-04-21 22:52:28,142 - org.eclipse.wst.jsdt.debug.rhino.debugger - 1.0.500.v201503300052
2017-04-21 22:52:28,143 - org.eclipse.wst.jsdt.debug.ui - 1.0.500.v201502261613
2017-04-21 22:52:28,144 - org.mozilla.javascript - 1.7.4.v201504221540
2017-04-21 22:52:28,167 - org.eclipse.datatools.common.doc.user - 1.7.0.20090521092446
2017-04-21 22:52:28,175 - org.eclipse.wst.jsdt.web.core - 1.0.800.v201505130300
2017-04-21 22:52:28,176 - org.eclipse.wst.jsdt.web.ui - 1.0.800.v201403271809
2017-04-21 22:52:28,177 - org.eclipse.wst.html.ui.infopop - 1.0.201.v201409111852
2017-04-21 22:52:28,178 - org.eclipse.wst.web.ui.infopop - 1.0.300.v200805140206
2017-04-21 22:52:28,179 - org.eclipse.wst.css.ui - 1.0.901.v201501212057
2017-04-21 22:52:28,180 - org.eclipse.wst.html.ui - 1.0.1000.v201505130300
2017-04-21 22:52:28,180 - org.eclipse.wst.web.ui - 1.1.600.v201302011850
2017-04-21 22:52:28,192 - org.eclipse.rse - 3.5.0.201403100950
2017-04-21 22:52:28,198 - org.eclipse.rse.services.local - 2.2.0.201502030655
2017-04-21 22:52:28,199 - org.eclipse.rse.subsystems.files.local - 2.1.300.201403251512
2017-04-21 22:52:28,200 - org.eclipse.rse.subsystems.processes.local - 2.1.400.201403100950
2017-04-21 22:52:28,201 - org.eclipse.rse.subsystems.shells.local - 2.1.400.201403100950
2017-04-21 22:52:28,202 - org.eclipse.rse.connectorservice.local - 2.1.400.201403100950
2017-04-21 22:52:28,212 - org.eclipse.datatools.enablement.hsqldb - 1.0.0.v201107221502
2017-04-21 22:52:28,213 - org.eclipse.datatools.enablement.hsqldb.dbdefinition - 1.0.0.v201107221502
2017-04-21 22:52:28,214 - org.eclipse.datatools.enablement.hsqldb.ui - 1.0.0.v201108120600
2017-04-21 22:52:28,214 - org.eclipse.datatools.enablement.finfo - 1.5.1.v200906161800
2017-04-21 22:52:28,222 - org.eclipse.datatools.sqltools.doc.user - 1.7.0.20090521092446
2017-04-21 22:52:28,223 - org.eclipse.datatools.sqltools.doc.user.contexts - 1.7.0.20090521092446
2017-04-21 22:52:28,229 - org.eclipse.m2e.wtp - 1.2.1.20150819-2220
2017-04-21 22:52:28,230 - org.eclipse.m2e.wtp.overlay - 1.2.1.20150819-2220
2017-04-21 22:52:28,231 - org.eclipse.m2e.wtp.overlay.ui - 1.2.1.20150819-2220
2017-04-21 22:52:28,241 - org.eclipse.jpt.common.utility - 2.3.0.v201311152020
2017-04-21 22:52:28,242 - org.eclipse.jpt.common.core - 1.4.0.v201308261915
2017-04-21 22:52:28,243 - org.eclipse.jpt.common.ui - 1.4.0.v201310111551
2017-04-21 22:52:28,243 - org.eclipse.jpt.common.branding - 1.4.0.v201309202144
2017-04-21 22:52:28,250 - org.eclipse.emf.edit.ui - 2.11.1.v20160208-0841
2017-04-21 22:52:28,258 - org.eclipse.help - 3.6.0.v20130326-1254
2017-04-21 22:52:28,259 - org.eclipse.ui - 3.107.0.v20150507-1945
2017-04-21 22:52:28,260 - org.eclipse.ui.workbench - 3.107.1.v20160120-2131
2017-04-21 22:52:28,261 - org.eclipse.update.configurator - 3.3.300.v20140518-1928
2017-04-21 22:52:28,261 - org.eclipse.rcp - 4.5.2.v20160212-1500
2017-04-21 22:52:28,269 - org.eclipse.persistence.moxy - 2.6.0.v20130815-a4708b6
2017-04-21 22:52:28,270 - org.eclipse.jpt.jaxb.eclipselink.core - 1.3.101.v201501171820
2017-04-21 22:52:28,271 - org.eclipse.jpt.jaxb.eclipselink.ui - 1.4.100.v201308271450
2017-04-21 22:52:28,273 - org.eclipse.jpt.jaxb.eclipselink.core.schemagen - 1.2.100.v201309202144
2017-04-21 22:52:28,273 - org.eclipse.jpt.jaxb.eclipselink.branding - 1.4.100.v201309202144
2017-04-21 22:52:28,281 - org.eclipse.datatools.connectivity.apache.derby.dbdefinition - 1.0.2.v201107221459
2017-04-21 22:52:28,282 - org.eclipse.datatools.connectivity.apache.derby.ui - 1.0.3.v201107221459
2017-04-21 22:52:28,283 - org.eclipse.datatools.connectivity.apache.derby - 1.0.103.v201212070447
2017-04-21 22:52:28,285 - org.eclipse.datatools.modelbase.derby - 1.0.0.v201107221519
2017-04-21 22:52:28,287 - org.eclipse.datatools.sqltools.db.derby - 1.0.0.v201107221520
2017-04-21 22:52:28,303 - org.eclipse.jdt - 3.11.2.v20160212-1500
2017-04-21 22:52:28,305 - org.eclipse.ant.ui - 3.6.101.v20160203-1242
2017-04-21 22:52:28,306 - org.eclipse.jdt.apt.core - 3.4.0.v20150518-1201
2017-04-21 22:52:28,307 - org.eclipse.jdt.apt.ui - 3.4.0.v20150423-0947
2017-04-21 22:52:28,307 - org.eclipse.jdt.apt.pluggable.core - 1.1.0.v20150423-0947
2017-04-21 22:52:28,309 - org.eclipse.jdt.compiler.apt - 1.2.0.v20150514-0146
2017-04-21 22:52:28,309 - org.eclipse.jdt.compiler.tool - 1.1.0.v20150513-2007
2017-04-21 22:52:28,309 - org.eclipse.jdt.core - 3.11.2.v20160128-0629
2017-04-21 22:52:28,319 - org.eclipse.jdt.annotation - 2.0.100.v20150311-1658
2017-04-21 22:52:28,321 - org.eclipse.jdt.annotation - 2.0.100.v20150311-1658
2017-04-21 22:52:28,322 - org.eclipse.jdt.core.manipulation - 1.5.100.v20141002-1241
2017-04-21 22:52:28,324 - org.eclipse.jdt.debug.ui - 3.7.101.v20160203-1236
2017-04-21 22:52:28,333 - org.eclipse.jdt.debug - 3.9.1.v20160128-1343
2017-04-21 22:52:28,334 - org.eclipse.jdt.junit - 3.8.0.v20150428-1340
2017-04-21 22:52:28,336 - org.eclipse.jdt.junit.core - 3.7.400.v20150423-0747
2017-04-21 22:52:28,338 - org.eclipse.jdt.junit.runtime - 3.4.500.v20140527-1138
2017-04-21 22:52:28,340 - org.eclipse.jdt.junit4.runtime - 1.1.500.v20150423-0747
2017-04-21 22:52:28,341 - org.eclipse.jdt.launching - 3.8.0.v20150527-0946
2017-04-21 22:52:28,345 - org.eclipse.jdt.ui - 3.11.2.v20151123-1510
2017-04-21 22:52:28,351 - org.junit - 4.12.0.v201504281640
2017-04-21 22:52:28,351 - org.hamcrest.core - 1.3.0.v201303031735
2017-04-21 22:52:28,353 - org.eclipse.jdt.doc.user - 3.11.1.v20150819-1130
2017-04-21 22:52:28,354 - org.eclipse.ant.launching - 1.1.101.v20160203-1242
2017-04-21 22:52:28,362 - org.eclipse.emf.common - 2.11.1.v20160208-0816
2017-04-21 22:52:28,368 - org.eclipse.egit.mylyn.ui - 4.1.1.201511131810-r
2017-04-21 22:52:28,375 - org.eclipse.sequoyah.vnc.vncviewer.vncviews - 2.1.0.N20120718-0509
2017-04-21 22:52:28,382 - org.jdom - 1.1.1.v201101151400
2017-04-21 22:52:28,383 - org.eclipse.jst.ws.cxf.consumption.core - 1.0.300.v201309232152
2017-04-21 22:52:28,384 - org.eclipse.jst.ws.cxf.consumption.ui - 1.0.300.v201309232152
2017-04-21 22:52:28,385 - org.eclipse.jst.ws.cxf.core - 1.1.200.v201404292022
2017-04-21 22:52:28,385 - org.eclipse.jst.ws.cxf.creation.core - 1.0.401.v201408111743
2017-04-21 22:52:28,387 - org.eclipse.jst.ws.cxf.creation.ui - 1.0.300.v201403242125
2017-04-21 22:52:28,388 - org.eclipse.jst.ws.cxf.ui - 1.0.300.v201309232152
2017-04-21 22:52:28,388 - javax.wsdl - 1.6.2.v201012040545
2017-04-21 22:52:28,388 - javax.jws - 2.0.0.v201005080400
2017-04-21 22:52:28,388 - javax.xml.stream - 1.0.1.v201004272200
2017-04-21 22:52:28,388 - javax.xml.ws - 2.1.0.v200902101523
2017-04-21 22:52:28,404 - org.eclipse.datatools.enablement.sybase.asa.models - 1.0.0.v201107221507
2017-04-21 22:52:28,406 - org.eclipse.datatools.enablement.sybase.ase.models - 1.0.1.v201010140307
2017-04-21 22:52:28,407 - org.eclipse.datatools.enablement.sybase.asa - 1.0.2.v201212120618
2017-04-21 22:52:28,408 - org.eclipse.datatools.enablement.sybase.ase - 1.0.3.v201212120618
2017-04-21 22:52:28,409 - org.eclipse.datatools.enablement.sybase.ase.dbdefinition - 1.0.0.v201107221507
2017-04-21 22:52:28,410 - org.eclipse.datatools.enablement.sybase.asa.dbdefinition - 1.0.0.v200906161800
2017-04-21 22:52:28,411 - org.eclipse.datatools.enablement.sybase.asa.ui - 1.0.1.v200906111204
2017-04-21 22:52:28,412 - org.eclipse.datatools.enablement.sybase.ase.ui - 1.0.1.v200906020900
2017-04-21 22:52:28,412 - org.eclipse.datatools.enablement.sybase - 1.0.1.v201107221507
2017-04-21 22:52:28,413 - org.eclipse.datatools.enablement.sybase.models - 1.0.0.v201010140307
2017-04-21 22:52:28,414 - org.eclipse.datatools.enablement.sybase.ui - 1.0.0.v200906090452
2017-04-21 22:52:28,416 - org.eclipse.datatools.enablement.sybase.asa.schemaobjecteditor.examples - 2.5.0.200810071
2017-04-21 22:52:28,423 - org.eclipse.datatools.sqltools.common.ui - 1.0.1.v201212120623
2017-04-21 22:52:28,424 - org.eclipse.datatools.sqltools.debugger.core - 1.0.1.v201107221520
2017-04-21 22:52:28,425 - org.eclipse.datatools.sqltools.editor.core - 1.0.3.v201212120623
2017-04-21 22:52:28,425 - org.eclipse.datatools.sqltools.plan - 1.0.0.v201107221520
2017-04-21 22:52:28,426 - org.eclipse.datatools.sqltools.routineeditor - 1.0.0.v201107221520
2017-04-21 22:52:28,427 - org.eclipse.datatools.sqltools.sql - 1.0.1.v201110050515
2017-04-21 22:52:28,428 - org.eclipse.datatools.sqltools.sqleditor - 1.0.4.v201212120623
2017-04-21 22:52:28,429 - org.eclipse.datatools.sqltools.sqlscrapbook - 1.0.2.v201205310922
2017-04-21 22:52:28,429 - org.eclipse.datatools.help - 1.5.0.v200906020553
2017-04-21 22:52:28,431 - org.eclipse.datatools.sqltools.db.generic - 1.0.0.v201107221520
2017-04-21 22:52:28,432 - org.eclipse.datatools.sqltools.debugger.core.ui - 1.0.0.v201003161000
2017-04-21 22:52:28,433 - org.eclipse.datatools.sqltools.editor.core.ui - 1.0.0.v201001150815
2017-04-21 22:52:28,434 - org.eclipse.datatools.sqltools.result.ui - 1.1.3.v201302061703
2017-04-21 22:52:28,435 - org.eclipse.datatools.sqltools.routineeditor.ui - 1.0.3.v201211200616
2017-04-21 22:52:28,435 - org.eclipse.datatools.sqltools.sql.ui - 1.0.1.v201201270735
2017-04-21 22:52:28,442 - org.objectweb.asm - 5.0.1.v201404251740
2017-04-21 22:52:28,442 - org.eclipse.andmore - 0.5.0.201605181018
2017-04-21 22:52:28,442 - org.eclipse.andmore.base - 0.5.0.201605181018
2017-04-21 22:52:28,443 - org.eclipse.andmore.ddms - 0.5.0.201605181018
2017-04-21 22:52:28,445 - org.eclipse.andmore.overlay - 0.5.0.201605181018
2017-04-21 22:52:28,448 - org.apache.commons.codec - 1.6.0.v201305230611
2017-04-21 22:52:28,448 - org.apache.commons.compress - 1.6.0.v201310281400
2017-04-21 22:52:28,449 - org.apache.httpcomponents.httpclient - 4.3.6.v201411290715
2017-04-21 22:52:28,450 - org.apache.httpcomponents.httpcore - 4.3.3.v201411290715
2017-04-21 22:52:28,464 - org.eclipse.oomph.setup.editor - 1.3.0.v20160213-0953
2017-04-21 22:52:28,467 - org.eclipse.oomph.setup.ui - 1.3.0.v20160213-0953
2017-04-21 22:52:28,470 - org.eclipse.oomph.setup.doc - 1.3.0.v20160213-0953
2017-04-21 22:52:28,471 - org.eclipse.oomph.setup.ui.questionnaire - 1.3.0.v20160213-0953
2017-04-21 22:52:28,474 - org.eclipse.oomph.jreinfo.ui - 1.3.0.v20160213-0953
2017-04-21 22:52:28,487 - org.eclipse.datatools.modelbase.dbdefinition - 1.0.2.v201107221519
2017-04-21 22:52:28,489 - org.eclipse.datatools.modelbase.sql.edit - 1.0.2.v201208230744
2017-04-21 22:52:28,490 - org.eclipse.datatools.modelbase.sql.query - 1.1.4.v201212120619
2017-04-21 22:52:28,492 - org.eclipse.datatools.modelbase.sql.query.edit - 1.0.1.v201110151245
2017-04-21 22:52:28,493 - org.eclipse.datatools.modelbase.sql.xml.query - 1.0.2.v201201131123
2017-04-21 22:52:28,493 - org.eclipse.datatools.modelbase.sql - 1.0.6.v201208230744
2017-04-21 22:52:28,501 - org.eclipse.wst.xsl.core - 1.1.301.v201405151730
2017-04-21 22:52:28,502 - org.eclipse.wst.xsl.debug.ui - 1.0.302.v201304240928
2017-04-21 22:52:28,503 - org.eclipse.wst.xsl.launching - 1.1.0.v201304240928
2017-04-21 22:52:28,505 - org.eclipse.wst.xsl.xalan - 1.0.100.v201208081544
2017-04-21 22:52:28,506 - org.eclipse.wst.xsl.ui - 1.1.301.v201304222136
2017-04-21 22:52:28,508 - org.eclipse.wst.xml.xpath.ui - 1.1.102.v201509231858
2017-04-21 22:52:28,529 - org.apache.xalan - 2.7.1.v201005080400
2017-04-21 22:52:28,529 - org.apache.commons.logging - 1.1.1.v201101211721
2017-04-21 22:52:28,530 - org.eclipse.wst.xsl.doc - 1.0.100.v201309251559
2017-04-21 22:52:28,531 - org.eclipse.wst.xml.xpath.core - 1.3.1.v201509231858
2017-04-21 22:52:28,532 - org.apache.xml.serializer - 2.7.1.v201005080400
2017-04-21 22:52:28,533 - org.apache.bcel - 5.2.0.v201005080400
2017-04-21 22:52:28,535 - java_cup.runtime - 0.10.0.v201005080400
2017-04-21 22:52:28,536 - org.eclipse.wst.xsl.saxon - 1.0.200.v201103081755
2017-04-21 22:52:28,536 - org.eclipse.wst.xsl - 1.2.0.v201309251559
2017-04-21 22:52:28,538 - org.eclipse.wst.xsl.jaxp.debug - 1.0.300.v201304102131
2017-04-21 22:52:28,539 - org.eclipse.wst.xsl.jaxp.debug.ui - 1.0.200.v201103081755
2017-04-21 22:52:28,540 - org.eclipse.wst.xsl.jaxp.launching - 1.0.300.v201304102131
2017-04-21 22:52:28,540 - org.apache.log4j - 1.2.15.v201012070815
2017-04-21 22:52:28,542 - org.eclipse.wst.xsl.exslt.core - 1.0.0.v201005240422
2017-04-21 22:52:28,543 - org.eclipse.wst.xsl.exslt.ui - 1.0.0.v201006012004
2017-04-21 22:52:28,550 - org.eclipse.rse.services.ssh - 3.2.100.201403281521
2017-04-21 22:52:28,551 - org.eclipse.rse.connectorservice.ssh - 2.1.300.201505220524
2017-04-21 22:52:28,552 - org.eclipse.rse.subsystems.files.ssh - 2.1.300.201403100950
2017-04-21 22:52:28,553 - org.eclipse.rse.subsystems.shells.ssh - 2.1.400.201403100950
2017-04-21 22:52:28,561 - org.eclipse.jst.ws - 1.0.750.v201503231435
2017-04-21 22:52:28,563 - org.eclipse.jst.j2ee.ui - 1.1.900.v201602161345
2017-04-21 22:52:28,564 - org.eclipse.jst.ws.axis.creation.ui - 1.0.850.v201505131719
2017-04-21 22:52:28,565 - org.eclipse.jst.ws.axis.consumption.ui - 1.0.800.v201505131719
2017-04-21 22:52:28,566 - org.eclipse.jst.j2ee.jca.ui - 1.1.500.v201304231803
2017-04-21 22:52:28,568 - org.eclipse.jst.j2ee.navigator.ui - 1.1.600.v201302011850
2017-04-21 22:52:28,568 - org.eclipse.jst.j2ee.webservice.ui - 1.1.500.v201302011850
2017-04-21 22:52:28,569 - org.eclipse.jst.ws.axis.consumption.core - 1.0.550.v201505131719
2017-04-21 22:52:28,570 - org.eclipse.jst.servlet.ui - 1.1.801.v201409042158
2017-04-21 22:52:28,572 - org.eclipse.jst.ws.ui - 1.0.500.v201505131719
2017-04-21 22:52:28,573 - org.eclipse.jst.ws.uddiregistry - 1.0.600.v201505131719
2017-04-21 22:52:28,574 - org.eclipse.jst.ws.creation.ui - 1.0.900.v201503111711
2017-04-21 22:52:28,575 - org.eclipse.jst.ws.consumption.ui - 1.1.800.v201504152025
2017-04-21 22:52:28,580 - org.eclipse.jst.ws.consumption - 1.0.800.v201505131719
2017-04-21 22:52:28,581 - org.eclipse.jst.j2ee.infopop - 1.0.300.v201309091923
2017-04-21 22:52:28,582 - org.eclipse.jst.jsp.ui.infopop - 1.0.200.v201309112106
2017-04-21 22:52:28,590 - org.eclipse.jst.servlet.ui.infopop - 1.0.500.v201105121947
2017-04-21 22:52:28,591 - org.eclipse.jst.ws.axis.infopop - 1.0.400.v201309242123
2017-04-21 22:52:28,592 - org.eclipse.jst.ws.consumption.infopop - 1.0.400.v201309242123
2017-04-21 22:52:28,593 - org.eclipse.jst.ws.infopop - 1.0.400.v201309242123
2017-04-21 22:52:28,594 - org.eclipse.jst.ws.creation.ejb.ui - 1.0.250.v201309242123
2017-04-21 22:52:28,595 - org.eclipse.jst.ejb.ui - 1.1.900.v201402130359
2017-04-21 22:52:28,596 - org.eclipse.jst.j2ee.ejb.annotations.ui - 1.1.200.v201004261420
2017-04-21 22:52:28,597 - org.eclipse.jst.j2ee.ejb.annotation.model - 1.1.300.v201004110730
2017-04-21 22:52:28,598 - org.eclipse.jst.j2ee.ejb.annotations.emitter - 1.1.200.v201004110730
2017-04-21 22:52:28,599 - org.eclipse.jst.j2ee.ejb.annotations.xdoclet - 1.2.200.v201103302126
2017-04-21 22:52:28,601 - org.eclipse.jst.j2ee.xdoclet.runtime - 1.1.300.v201004280609
2017-04-21 22:52:28,601 - org.eclipse.jst.jee.ui - 1.0.701.v201408251535
2017-04-21 22:52:28,602 - org.eclipse.jst.ejb.ui.infopop - 1.0.300.v201002231012
2017-04-21 22:52:28,603 - org.eclipse.jst.ws.jaxrs.core - 1.0.600.v201505131719
2017-04-21 22:52:28,604 - org.eclipse.jst.ws.jaxrs.ui - 1.0.700.v201505131719
2017-04-21 22:52:28,610 - org.moreunit.core - 3.1.1
2017-04-21 22:52:28,618 - org.apache.xerces - 2.9.0.v201101211617
2017-04-21 22:52:28,619 - org.apache.xml.resolver - 1.2.0.v201005080400
2017-04-21 22:52:28,619 - org.apache.xml.serializer - 2.7.1.v201005080400
2017-04-21 22:52:28,621 - org.eclipse.datatools.enablement.oda.ws - 1.2.6.v201403131825
2017-04-21 22:52:28,621 - org.eclipse.datatools.enablement.oda.xml - 1.2.5.v201403131825
2017-04-21 22:52:28,622 - javax.xml - 1.3.4.v201005080400
2017-04-21 22:52:28,622 - javax.wsdl - 1.6.2.v201012040545
2017-04-21 22:52:28,623 - org.eclipse.datatools.connectivity.oda.flatfile - 3.1.8.v201403010906
2017-04-21 22:52:28,630 - org.eclipse.jst.ws.axis2.core - 1.0.300.v201309242118
2017-04-21 22:52:28,630 - org.eclipse.jst.ws.axis2.ui - 1.0.400.v201309242118
2017-04-21 22:52:28,631 - org.eclipse.jst.ws.axis2.consumption.core - 1.0.200.v201309242118
2017-04-21 22:52:28,632 - org.eclipse.jst.ws.axis2.consumption.ui - 1.0.200.v201309242118
2017-04-21 22:52:28,633 - org.eclipse.jst.ws.axis2.creation.core - 1.0.200.v201309242118
2017-04-21 22:52:28,634 - org.eclipse.jst.ws.axis2.creation.ui - 1.0.200.v201309242118
2017-04-21 22:52:28,635 - org.eclipse.jst.ws.axis2.ui.doc.user - 1.0.200.v201309242118
2017-04-21 22:52:28,641 - org.eclipse.recommenders.mylyn.rcp - 2.3.0.v20160216-1255
2017-04-21 22:52:28,685 - org.apache.ant - 1.9.6.v201510161327
2017-04-21 22:52:28,686 - org.eclipse.ant.core - 3.4.0.v20150428-1928
2017-04-21 22:52:28,686 - com.jcraft.jsch - 0.1.53.v201508180515
2017-04-21 22:52:28,687 - org.eclipse.compare.core - 3.5.500.v20150505-1058
2017-04-21 22:52:28,689 - org.eclipse.compare - 3.5.600.v20150420-1449
2017-04-21 22:52:28,690 - org.eclipse.compare.win32 - 1.0.200.v20130514-1224
2017-04-21 22:52:28,691 - org.eclipse.core.filebuffers - 3.5.500.v20140723-1040
2017-04-21 22:52:28,692 - org.eclipse.core.filesystem - 1.5.0.v20150725-1910
2017-04-21 22:52:28,692 - org.eclipse.core.net - 1.2.300.v20141118-1725
2017-04-21 22:52:28,694 - org.eclipse.core.net.win32.x86_64 - 1.0.100.v20140124-2013
2017-04-21 22:52:28,700 - org.eclipse.core.resources - 3.10.1.v20150725-1910
2017-04-21 22:52:28,701 - org.eclipse.core.runtime.compatibility - 3.2.300.v20150423-0821
2017-04-21 22:52:28,705 - org.eclipse.core.runtime.compatibility.registry - 3.6.0.v20150318-1505
2017-04-21 22:52:28,706 - org.eclipse.osgi.util - 3.3.100.v20150423-1351
2017-04-21 22:52:28,707 - org.eclipse.debug.core - 3.10.0.v20150303-1130
2017-04-21 22:52:28,709 - org.eclipse.debug.ui - 3.11.101.v20160203-1230
2017-04-21 22:52:28,710 - org.eclipse.equinox.event - 1.3.100.v20140115-1647
2017-04-21 22:52:28,712 - org.eclipse.ltk.core.refactoring - 3.6.201.v20150819-1034
2017-04-21 22:52:28,713 - org.eclipse.ltk.ui.refactoring - 3.7.200.v20140625-1835
2017-04-21 22:52:28,713 - org.eclipse.platform - 4.5.2.v20160212-1500
2017-04-21 22:52:28,715 - org.eclipse.platform.doc.user - 4.5.1.v20150819-1130
2017-04-21 22:52:28,716 - org.eclipse.search - 3.10.0.v20150318-0856
2017-04-21 22:52:28,717 - org.eclipse.team.core - 3.7.100.v20150203-1452
2017-04-21 22:52:28,718 - org.eclipse.team.ui - 3.7.200.v20150203-1452
2017-04-21 22:52:28,719 - org.eclipse.text - 3.5.400.v20150505-1044
2017-04-21 22:52:28,720 - org.eclipse.jface.text - 3.10.0.v20150603-1752
2017-04-21 22:52:28,721 - org.eclipse.jsch.core - 1.2.0.v20141202-1415
2017-04-21 22:52:28,722 - org.eclipse.jsch.ui - 1.2.0.v20141202-1415
2017-04-21 22:52:28,722 - org.eclipse.ui.console - 3.6.100.v20150822-1912
2017-04-21 22:52:28,723 - org.eclipse.ui.intro - 3.4.300.v20141007-1449
2017-04-21 22:52:28,723 - org.eclipse.ui.intro.universal - 3.2.800.v20150325-0952
2017-04-21 22:52:28,724 - org.eclipse.ui.cheatsheets - 3.4.200.v20131227-1524
2017-04-21 22:52:28,725 - org.eclipse.ui.browser - 3.4.300.v20150429-0602
2017-04-21 22:52:28,726 - org.eclipse.ui.monitoring - 1.0.0.v20150512-1436
2017-04-21 22:52:28,727 - org.eclipse.ui.navigator - 3.6.0.v20150422-0725
2017-04-21 22:52:28,728 - org.eclipse.ui.navigator.resources - 3.5.1.v20160128-1644
2017-04-21 22:52:28,728 - org.eclipse.ui.net - 1.2.200.v20120807-0927
2017-04-21 22:52:28,730 - org.eclipse.ui.workbench.texteditor - 3.9.100.v20141023-1946
2017-04-21 22:52:28,730 - org.eclipse.ui.views - 3.8.0.v20150422-0725
2017-04-21 22:52:28,732 - org.eclipse.ui.editors - 3.9.0.v20150213-1939
2017-04-21 22:52:28,733 - org.eclipse.ui.externaltools - 3.3.0.v20150302-1002
2017-04-21 22:52:28,735 - org.eclipse.ui.ide - 3.11.0.v20150825-2158
2017-04-21 22:52:28,736 - org.eclipse.ui.ide.application - 1.1.0.v20150422-0725
2017-04-21 22:52:28,737 - org.eclipse.ui.win32 - 3.2.500.v20150423-0822
2017-04-21 22:52:28,737 - org.eclipse.core.resources.win32.x86_64 - 3.5.0.v20140124-1940
2017-04-21 22:52:28,737 - org.eclipse.core.filesystem.win32.x86_64 - 1.4.0.v20140124-1940
2017-04-21 22:52:28,738 - org.eclipse.core.variables - 3.2.800.v20130819-1716
2017-04-21 22:52:28,739 - org.eclipse.ui.forms - 3.6.200.v20150506-2029
2017-04-21 22:52:28,740 - org.eclipse.ui.views.properties.tabbed - 3.6.100.v20150423-0822
2017-04-21 22:52:28,740 - org.eclipse.equinox.security - 1.2.100.v20150423-1356
2017-04-21 22:52:28,741 - org.eclipse.equinox.security.ui - 1.1.201.v20150803-1228
2017-04-21 22:52:28,742 - org.eclipse.equinox.security.win32.x86_64 - 1.0.100.v20130327-1442
2017-04-21 22:52:28,743 - org.eclipse.core.externaltools - 1.0.300.v20140219-0051
2017-04-21 22:52:28,743 - org.eclipse.ui.themes - 1.1.1.v20151026-1355
2017-04-21 22:52:28,744 - org.eclipse.core.filesystem.java7 - 1.0.100.v20150423-0754
2017-04-21 22:52:28,750 - org.testng.eclipse - 6.11.0.201703011520
2017-04-21 22:52:28,756 - org.eclipse.emf.ecore.edit - 2.9.0.v20160208-0841
2017-04-21 22:52:28,757 - org.eclipse.emf.ecore.change.edit - 2.6.0.v20160208-0841
2017-04-21 22:52:28,763 - org.eclipse.sequoyah.vnc.protocol - 2.1.0.N20120718-0509
2017-04-21 22:52:28,772 - org.eclipse.persistence.antlr - 3.2.0.v201302191141
2017-04-21 22:52:28,774 - org.eclipse.persistence.asm - 5.0.1.v201405080102
2017-04-21 22:52:28,776 - org.eclipse.persistence.core - 2.6.0.v20140809-296a69f
2017-04-21 22:52:28,779 - org.eclipse.persistence.jpa - 2.6.0.v20140809-296a69f
2017-04-21 22:52:28,781 - org.eclipse.jpt.jpa.eclipselink.core - 2.4.0.v201309122001
2017-04-21 22:52:28,782 - org.eclipse.jpt.jpa.eclipselink.ui - 2.4.0.v201308271953
2017-04-21 22:52:28,783 - org.eclipse.jpt.jpa.eclipselink.core.ddlgen - 2.2.100.v201309202144
2017-04-21 22:52:28,783 - org.eclipse.jpt.jpa.eclipselink.branding - 3.4.0.v201309202144
2017-04-21 22:52:28,789 - org.eclipse.emf.mapping.ecore - 2.6.0.v20160208-0841
2017-04-21 22:52:28,790 - org.eclipse.emf.mapping.ecore2ecore - 2.9.0.v20160208-0841
2017-04-21 22:52:28,791 - org.eclipse.emf.mapping.ecore2xml - 2.9.0.v20160208-0841
2017-04-21 22:52:28,798 - org.eclipse.datatools.enablement.ingres - 1.0.0.v200906111150
2017-04-21 22:52:28,799 - org.eclipse.datatools.enablement.ingres.dbdefinition - 1.0.0.v200906161800
2017-04-21 22:52:28,808 - org.eclipse.datatools.enablement.ingres.ui - 1.0.0.v201105270214
2017-04-21 22:52:28,809 - org.eclipse.datatools.enablement.finfo - 1.5.1.v200906161800
2017-04-21 22:52:28,855 - org.eclipse.andmore.traceview - 0.5.0.201605181018
2017-04-21 22:52:28,881 - org.eclipse.emf.codegen - 2.11.0.v20160208-0841
2017-04-21 22:52:28,887 - org.eclipse.m2e.logback.configuration - 1.7.0.20160603-1933
2017-04-21 22:52:28,888 - org.eclipse.m2e.logback.appender - 1.7.0.20160603-1933
2017-04-21 22:52:28,895 - org.eclipse.wst.dtd.ui - 1.0.801.v201308100602
2017-04-21 22:52:28,896 - org.eclipse.wst.dtd.ui.infopop - 1.0.400.v201309112106
2017-04-21 22:52:28,897 - org.eclipse.wst.sse.ui.infopop - 1.0.300.v201309112106
2017-04-21 22:52:28,897 - org.eclipse.wst.xml.ui.infopop - 1.0.400.v201309112106
2017-04-21 22:52:28,983 - org.eclipse.wst.sse.ui - 1.3.401.v201510130005
2017-04-21 22:52:28,983 - org.eclipse.wst.xml.ui - 1.1.501.v201501212057
2017-04-21 22:52:28,985 - org.eclipse.wst.xsd.ui - 1.2.510.v201511240257
2017-04-21 22:52:28,991 - org.eclipse.datatools.doc.user - 1.7.0.20090521092446
2017-04-21 22:52:28,991 - org.eclipse.datatools.oda.cshelp - 1.1.2.v201309200751
2017-04-21 22:52:28,992 - org.eclipse.datatools.help - 1.5.0.v200906020553
2017-04-21 22:52:29,006 - org.eclipse.emf - 2.6.0.v20160208-0841
2017-04-21 22:52:29,012 - org.eclipse.epp.package.jee - 4.5.2.20160218-0600
2017-04-21 22:52:29,013 - org.eclipse.wtp.epp.package.jee.intro - 1.3.0.v201006142040
2017-04-21 22:52:29,014 - org.eclipse.wtp.javascript.capabilities - 1.0.100.v201005102000
2017-04-21 22:52:29,015 - org.eclipse.wtp.jee.capabilities - 1.0.100.v201005102000
2017-04-21 22:52:29,016 - org.eclipse.wtp.web.capabilities - 1.0.100.v201005102000
2017-04-21 22:52:29,017 - org.eclipse.wtp.xml.capabilities - 1.0.100.v201005102000
2017-04-21 22:52:29,018 - org.eclipse.wtp.epp.package.capabilities - 1.3.0.v201005102000
2017-04-21 22:52:29,023 - org.eclipse.draw2d - 3.10.1.201508170204
2017-04-21 22:52:29,028 - org.eclipse.andmore.gldebugger - 0.5.0.201605181018
2017-04-21 22:52:29,038 - org.python.pydev.core - 5.6.0.201703221358
2017-04-21 22:52:29,043 - org.python.pydev.parser - 5.6.0.201703221358
2017-04-21 22:52:29,048 - org.python.pydev.ast - 5.6.0.201703221358
2017-04-21 22:52:29,055 - org.python.pydev.jython - 5.6.0.201703221358
2017-04-21 22:52:29,059 - org.python.pydev.help - 5.6.0.201703221358
2017-04-21 22:52:29,059 - org.python.pydev - 5.6.0.201703221358
2017-04-21 22:52:29,099 - org.python.pydev.debug - 5.6.0.201703221358
2017-04-21 22:52:29,105 - org.python.pydev.refactoring - 5.6.0.201703221358
2017-04-21 22:52:29,111 - org.python.pydev.customizations - 5.6.0.201703221358
2017-04-21 22:52:29,116 - org.python.pydev.django - 5.6.0.201703221358
2017-04-21 22:52:29,128 - com.python.pydev - 5.6.0.201703221358
2017-04-21 22:52:29,131 - com.python.pydev.analysis - 5.6.0.201703221358
2017-04-21 22:52:29,136 - com.python.pydev.fastparser - 5.6.0.201703221358
2017-04-21 22:52:29,142 - com.python.pydev.codecompletion - 5.6.0.201703221358
2017-04-21 22:52:29,147 - com.python.pydev.debug - 5.6.0.201703221358
2017-04-21 22:52:29,154 - com.python.pydev.refactoring - 5.6.0.201703221358
2017-04-21 22:52:29,165 - org.python.pydev.shared_interactive_console - 5.6.0.201703221358
2017-04-21 22:52:29,167 - org.python.pydev.shared_ui - 5.6.0.201703221358
2017-04-21 22:52:29,170 - org.python.pydev.shared_core - 5.6.0.201703221358
2017-04-21 22:52:29,176 - org.eclipse.epp.mpc.core - 1.4.2.v20160210-1948
2017-04-21 22:52:29,176 - org.eclipse.epp.mpc.ui - 1.4.2.v20160210-2005
2017-04-21 22:52:29,177 - org.eclipse.epp.mpc.help.ui - 1.4.2.v20160120-1701
2017-04-21 22:52:29,177 - org.apache.httpcomponents.httpclient - 4.3.6.v201411290715
2017-04-21 22:52:29,177 - org.apache.httpcomponents.httpcore - 4.3.3.v201411290715
2017-04-21 22:52:29,186 - org.eclipse.dstore.core - 3.4.0.201501311530
2017-04-21 22:52:29,187 - org.eclipse.dstore.extra - 2.1.400.201403100950
2017-04-21 22:52:29,189 - org.eclipse.rse.connectorservice.dstore - 3.1.301.201403100950
2017-04-21 22:52:29,189 - org.eclipse.rse.services.dstore - 3.3.0.201406041609
2017-04-21 22:52:29,190 - org.eclipse.rse.subsystems.files.dstore - 2.1.300.201403100950
2017-04-21 22:52:29,191 - org.eclipse.rse.subsystems.processes.dstore - 2.1.400.201403100950
2017-04-21 22:52:29,192 - org.eclipse.rse.subsystems.shells.dstore - 2.1.400.201403100950
2017-04-21 22:52:29,193 - org.eclipse.rse.dstore.security - 3.0.400.201403100950
2017-04-21 22:52:29,199 - org.eclipse.cdt.gdb - 7.0.0.201602051005
2017-04-21 22:52:29,201 - org.eclipse.cdt.gdb.ui - 7.0.0.201602051005
2017-04-21 22:52:29,208 - org.eclipse.pde - 3.11.2.v20160212-1500
2017-04-21 22:52:29,214 - org.eclipse.pde.build - 3.9.100.v20150521-1524
2017-04-21 22:52:29,216 - org.eclipse.pde.core - 3.10.102.v20160128-0556
2017-04-21 22:52:29,217 - org.eclipse.pde.junit.runtime - 3.4.500.v20150423-1241
2017-04-21 22:52:29,218 - org.eclipse.pde.runtime - 3.4.500.v20150423-1241
2017-04-21 22:52:29,220 - org.eclipse.pde.ui - 3.8.202.v20160128-0556
2017-04-21 22:52:29,221 - org.eclipse.pde.doc.user - 3.11.2.v20160203-1325
2017-04-21 22:52:29,223 - org.eclipse.pde.ui.templates - 3.5.0.v20150818-1511
2017-04-21 22:52:29,224 - org.eclipse.ui.views.log - 1.0.600.v20150513-1840
2017-04-21 22:52:29,224 - org.objectweb.asm - 5.0.1.v201404251740
2017-04-21 22:52:29,225 - org.objectweb.asm.tree - 5.0.1.v201404251740
2017-04-21 22:52:29,226 - org.eclipse.pde.api.tools - 1.0.701.v20150831-1041
2017-04-21 22:52:29,227 - org.eclipse.pde.api.tools.annotations - 1.0.0.v20140602-1527
2017-04-21 22:52:29,228 - org.eclipse.pde.api.tools.ui - 1.0.600.v20150831-0659
2017-04-21 22:52:29,229 - org.eclipse.pde.ds.core - 1.0.400.v20150423-1241
2017-04-21 22:52:29,230 - org.eclipse.pde.ds.ui - 1.0.400.v20150506-1709
2017-04-21 22:52:29,231 - org.eclipse.pde.launching - 3.6.301.v20160128-0556
2017-04-21 22:52:29,232 - org.eclipse.pde.ua.core - 1.0.400.v20150220-1252
2017-04-21 22:52:29,233 - org.eclipse.pde.ua.ui - 1.0.400.v20150513-1136
2017-04-21 22:52:29,234 - org.eclipse.ui.trace - 1.0.300.v20150220-1252
2017-04-21 22:52:29,240 - net.sourceforge.lpg.lpgjavaruntime - 1.1.0.v201004271650
2017-04-21 22:52:29,241 - org.eclipse.datatools.sqltools.parsers.sql.lexer - 1.0.1.v201107221520
2017-04-21 22:52:29,242 - org.eclipse.datatools.sqltools.parsers.sql.query - 1.2.1.v201201250511
2017-04-21 22:52:29,243 - org.eclipse.datatools.sqltools.parsers.sql.xml.query - 1.0.0.v201107221520
2017-04-21 22:52:29,243 - org.eclipse.datatools.sqltools.parsers.sql - 1.0.2.v201107221520
2017-04-21 22:52:29,249 - org.eclipse.mylyn.java.ui - 3.18.0.v20151013-1847
2017-04-21 22:52:29,250 - org.eclipse.mylyn.java.tasks - 3.18.0.v20151013-1847
2017-04-21 22:52:29,250 - org.eclipse.mylyn.ide.ui - 3.18.0.v20151013-1847
2017-04-21 22:52:29,251 - org.eclipse.mylyn.ide.ant - 3.18.0.v20151013-1847
2017-04-21 22:52:29,252 - org.eclipse.mylyn.debug.ui - 3.18.0.v20151013-1847
2017-04-21 22:52:29,257 - org.eclipse.m2e.wtp.jaxrs - 1.2.1.20150819-2220
2017-04-21 22:52:29,263 - org.eclipse.datatools.sqltools.sql - 1.0.1.v201110050515
2017-04-21 22:52:29,263 - org.eclipse.datatools.sqltools.common.ui - 1.0.1.v201212120623
2017-04-21 22:52:29,263 - org.eclipse.datatools.sqltools.plan - 1.0.0.v201107221520
2017-04-21 22:52:29,263 - org.eclipse.datatools.sqltools.editor.core - 1.0.3.v201212120623
2017-04-21 22:52:29,263 - org.eclipse.datatools.sqltools.sqleditor - 1.0.4.v201212120623
2017-04-21 22:52:29,263 - org.eclipse.datatools.sqltools.ddlgen.ui - 1.0.3.v201211200616
2017-04-21 22:52:29,263 - org.eclipse.datatools.connectivity.db.generic - 1.0.1.v201107221459
2017-04-21 22:52:29,263 - org.eclipse.datatools.sqltools.editor.core.ui - 1.0.0.v201001150815
2017-04-21 22:52:29,263 - org.eclipse.datatools.sqltools.sql.ui - 1.0.1.v201201270735
2017-04-21 22:52:29,269 - org.eclipse.mylyn.commons.repositories.core - 1.10.0.v20151009-1724
2017-04-21 22:52:29,270 - org.eclipse.mylyn.commons.repositories.ui - 1.10.0.v20151116-1930
2017-04-21 22:52:29,275 - org.eclipse.andmore.android.common - 0.5.0.201605181018
2017-04-21 22:52:29,276 - org.eclipse.andmore.android.codeutils - 0.5.0.201605181018
2017-04-21 22:52:29,277 - org.eclipse.andmore.android.translation - 0.5.0.201605181018
2017-04-21 22:52:29,278 - org.eclipse.andmore.android.codesnippets - 0.5.0.201605181018
2017-04-21 22:52:29,279 - org.eclipse.andmore.android.db.core - 0.5.0.201605181018
2017-04-21 22:52:29,279 - org.eclipse.andmore.android.logger - 0.5.0.201605181018
2017-04-21 22:52:29,281 - org.eclipse.andmore.android - 0.5.0.201605181018
2017-04-21 22:52:29,282 - org.eclipse.andmore.android.emulator - 0.5.0.201605181018
2017-04-21 22:52:29,283 - org.eclipse.andmore.android.launch - 0.5.0.201605181018
2017-04-21 22:52:29,284 - org.eclipse.andmore.android.packaging.ui - 0.5.0.201605181018
2017-04-21 22:52:29,286 - org.eclipse.andmore.android.handset - 0.5.0.201605181018
2017-04-21 22:52:29,287 - org.eclipse.andmore.android.remote - 0.5.0.201605181018
2017-04-21 22:52:29,288 - org.eclipse.andmore.android.win32.x86_64 - 0.5.0.201605181018
2017-04-21 22:52:29,288 - org.eclipse.andmore.android.mat - 0.5.0.201605181018
2017-04-21 22:52:29,289 - org.eclipse.andmore.android.devices.services - 0.5.0.201605181018
2017-04-21 22:52:29,290 - org.eclipse.andmore.android.db.devices - 0.5.0.201605181018
2017-04-21 22:52:29,291 - org.eclipse.andmore.android.installer - 0.5.0.201605181018
2017-04-21 22:52:29,292 - org.eclipse.andmore.android.logger.collector - 0.5.0.201605181018
2017-04-21 22:52:29,300 - org.apache.commons.net - 3.2.0.v201305141515
2017-04-21 22:52:29,300 - org.eclipse.rse.services.files.ftp - 3.0.500.201403100950
2017-04-21 22:52:29,301 - org.eclipse.rse.subsystems.files.ftp - 2.2.0.201403100950
2017-04-21 22:52:29,307 - org.eclipse.rse.useractions - 1.1.500.201403100950
2017-04-21 22:52:29,313 - org.eclipse.mylyn.monitor.core - 3.18.0.v20151009-1724
2017-04-21 22:52:29,314 - org.eclipse.mylyn.monitor.ui - 3.18.0.v20151009-1724
2017-04-21 22:52:29,320 - org.eclipse.tm.terminal.control - 4.0.0.201505221029
2017-04-21 22:52:29,325 - org.eclipse.sequoyah.vnc.vncviewer - 2.1.0.N20120718-0509
2017-04-21 22:52:29,336 - org.eclipse.emf.codegen.ecore.ui - 2.11.1.v20160208-0841
2017-04-21 22:52:29,341 - org.eclipse.emf.ecore.editor - 2.11.0.v20160208-0841
2017-04-21 22:52:29,348 - org.sonatype.m2e.mavenarchiver - 0.17.0.201502101659-signed-20150525172209
2017-04-21 22:52:29,355 - org.eclipse.mylyn.context.core - 3.18.0.v20151013-1847
2017-04-21 22:52:29,356 - org.eclipse.mylyn.context.ui - 3.18.0.v20151014-2324
2017-04-21 22:52:29,357 - org.eclipse.mylyn.resources.ui - 3.18.0.v20151013-1847
2017-04-21 22:52:29,358 - org.eclipse.mylyn.context.tasks.ui - 3.18.0.v20151013-1847
2017-04-21 22:52:29,365 - org.eclipse.datatools.enablement.oracle.dbdefinition - 1.0.103.v201206010214
2017-04-21 22:52:29,366 - org.eclipse.datatools.enablement.oracle - 1.0.0.v201107221506
2017-04-21 22:52:29,367 - org.eclipse.datatools.enablement.oracle.ui - 1.0.3.v201201131121
2017-04-21 22:52:29,367 - org.eclipse.datatools.enablement.finfo - 1.5.1.v200906161800
2017-04-21 22:52:29,375 - org.moreunit.mock - 3.1.1
2017-04-21 22:52:29,380 - org.eclipse.emf.databinding - 1.3.0.v20160208-0841
2017-04-21 22:52:29,387 - org.eclipse.datatools.enablement.sap.maxdb.dbdefinition - 1.0.0.v201107221507
2017-04-21 22:52:29,388 - org.eclipse.datatools.enablement.sap.maxdb - 1.0.0.v201107221507
2017-04-21 22:52:29,389 - org.eclipse.datatools.enablement.sap.maxdb.ui - 1.0.0.v201107221507
2017-04-21 22:52:29,389 - org.eclipse.datatools.enablement.finfo - 1.5.1.v200906161800
2017-04-21 22:52:29,395 - java_cup.runtime - 0.10.0.v201005080400
2017-04-21 22:52:29,395 - org.apache.xerces - 2.9.0.v201101211617
2017-04-21 22:52:29,396 - org.eclipse.wst.xml.xpath2.processor - 2.1.101.v201409111854
2017-04-21 22:52:29,398 - org.eclipse.wst.xml.xpath2.wtptypes - 2.0.0.v201208081543
2017-04-21 22:52:29,398 - org.eclipse.wst.xml.xpath2 - 1.1.0.v201309251557
2017-04-21 22:52:29,399 - org.eclipse.wst.xml.xpath2.processor.doc.user - 2.0.0.v201209212251
2017-04-21 22:52:29,406 - org.eclipse.oomph.setup - 1.3.0.v20160213-0953
2017-04-21 22:52:29,407 - org.eclipse.oomph.setup.edit - 1.3.0.v20160213-0953
2017-04-21 22:52:29,407 - org.eclipse.oomph.setup.core - 1.3.0.v20160213-0953
2017-04-21 22:52:29,408 - org.eclipse.oomph.setup.sync - 1.3.0.v20160213-0953
2017-04-21 22:52:29,409 - org.eclipse.oomph.setup.p2 - 1.3.0.v20160213-0953
2017-04-21 22:52:29,410 - org.eclipse.oomph.setup.p2.edit - 1.3.0.v20160213-0953
2017-04-21 22:52:29,411 - org.eclipse.oomph.preferences - 1.3.0.v20160213-0953
2017-04-21 22:52:29,414 - org.eclipse.oomph.jreinfo - 1.3.0.v20160213-0953
2017-04-21 22:52:29,414 - org.eclipse.oomph.jreinfo.win32.x86_64 - 1.1.100.v20160213-0953
2017-04-21 22:52:29,415 - org.eclipse.oomph.extractor.lib - 1.1.0.v20160213-0953
2017-04-21 22:52:29,415 - org.apache.commons.logging - 1.1.1.v201101211721
2017-04-21 22:52:29,415 - org.apache.commons.codec - 1.6.0.v201305230611
2017-04-21 22:52:29,415 - org.apache.httpcomponents.httpclient - 4.3.6.v201411290715
2017-04-21 22:52:29,415 - org.apache.httpcomponents.httpcore - 4.3.3.v201411290715
2017-04-21 22:52:29,421 - org.eclipse.userstorage - 1.0.0.v20151212-0935
2017-04-21 22:52:29,422 - org.eclipse.userstorage.ui - 1.0.0.v20151216-0912
